Using pre-set license
Built from '2022.3/staging' branch; Version is '2022.3.4f1 (35713cd46cd7) revision 3502396'; Using compiler version '192829333'; Build Type 'Release'
OS: 'Windows 10  (10.0.19045) 64bit Enterprise' Language: 'es' Physical Memory: 3920 MB
BatchMode: 1, IsHumanControllingUs: 0, StartBugReporterOnCrash: 0, Is64bit: 1, IsPro: 1

COMMAND LINE ARGUMENTS:
C:\Program Files\Unity\Hub\Editor\2022.3.4f1\Editor\Unity.exe
-adb2
-batchMode
-noUpm
-name
AssetImportWorker4
-projectPath
C:/Users/Administrator/Documents/Mi VideoJuego/The Hell
-logFile
Logs/AssetImportWorker4.log
-srvPort
53742
Successfully changed project path to: C:/Users/Administrator/Documents/Mi VideoJuego/The Hell
C:/Users/Administrator/Documents/Mi VideoJuego/The Hell
[UnityMemory] Configuration Parameters - Can be set up in boot.config
    "memorysetup-bucket-allocator-granularity=16"
    "memorysetup-bucket-allocator-bucket-count=8"
    "memorysetup-bucket-allocator-block-size=33554432"
    "memorysetup-bucket-allocator-block-count=8"
    "memorysetup-main-allocator-block-size=16777216"
    "memorysetup-thread-allocator-block-size=16777216"
    "memorysetup-gfx-main-allocator-block-size=16777216"
    "memorysetup-gfx-thread-allocator-block-size=16777216"
    "memorysetup-cache-allocator-block-size=4194304"
    "memorysetup-typetree-allocator-block-size=2097152"
    "memorysetup-profiler-bucket-allocator-granularity=16"
    "memorysetup-profiler-bucket-allocator-bucket-count=8"
    "memorysetup-profiler-bucket-allocator-block-size=33554432"
    "memorysetup-profiler-bucket-allocator-block-count=8"
    "memorysetup-profiler-allocator-block-size=16777216"
    "memorysetup-profiler-editor-allocator-block-size=1048576"
    "memorysetup-temp-allocator-size-main=16777216"
    "memorysetup-job-temp-allocator-block-size=2097152"
    "memorysetup-job-temp-allocator-block-size-background=1048576"
    "memorysetup-job-temp-allocator-reduction-small-platforms=262144"
    "memorysetup-allocator-temp-initial-block-size-main=262144"
    "memorysetup-allocator-temp-initial-block-size-worker=262144"
    "memorysetup-temp-allocator-size-background-worker=32768"
    "memorysetup-temp-allocator-size-job-worker=262144"
    "memorysetup-temp-allocator-size-preload-manager=33554432"
    "memorysetup-temp-allocator-size-nav-mesh-worker=65536"
    "memorysetup-temp-allocator-size-audio-worker=65536"
    "memorysetup-temp-allocator-size-cloud-worker=32768"
    "memorysetup-temp-allocator-size-gi-baking-worker=262144"
    "memorysetup-temp-allocator-size-gfx=262144"
Player connection [8916] Host "[IP] 192.168.100.2 [Port] 0 [Flags] 2 [Guid] 2150599925 [EditorId] 2150599925 [Version] 1048832 [Id] WindowsEditor(7,KernelOS-PC) [Debug] 1 [PackageName] WindowsEditor [ProjectName] Editor" joined multi-casting on [225.0.0.222:54997]...

Player connection [8916] Host "[IP] 192.168.100.2 [Port] 0 [Flags] 2 [Guid] 2150599925 [EditorId] 2150599925 [Version] 1048832 [Id] WindowsEditor(7,KernelOS-PC) [Debug] 1 [PackageName] WindowsEditor [ProjectName] Editor" joined alternative multi-casting on [225.0.0.222:34997]...

Refreshing native plugins compatible for Editor in 28.98 ms, found 4 plugins.
Preloading 0 native plugins for Editor in 0.00 ms.
Initialize engine version: 2022.3.4f1 (35713cd46cd7)
[Subsystems] Discovering subsystems at path C:/Program Files/Unity/Hub/Editor/2022.3.4f1/Editor/Data/Resources/UnitySubsystems
[Subsystems] Discovering subsystems at path C:/Users/Administrator/Documents/Mi VideoJuego/The Hell/Assets
GfxDevice: creating device client; threaded=0; jobified=0
Direct3D:
    Version:  Direct3D 11.0 [level 11.1]
    Renderer: Intel(R) HD Graphics (ID=0x5a85)
    Vendor:   Intel
    VRAM:     1960 MB
    Driver:   23.20.16.4973
Initialize mono
Mono path[0] = 'C:/Program Files/Unity/Hub/Editor/2022.3.4f1/Editor/Data/Managed'
Mono path[1] = 'C:/Program Files/Unity/Hub/Editor/2022.3.4f1/Editor/Data/MonoBleedingEdge/lib/mono/unityjit-win32'
Mono config path = 'C:/Program Files/Unity/Hub/Editor/2022.3.4f1/Editor/Data/MonoBleedingEdge/etc'
Using monoOptions --debugger-agent=transport=dt_socket,embedding=1,server=y,suspend=n,address=127.0.0.1:56700
Begin MonoManager ReloadAssembly
Registering precompiled unity dll's ...
Register platform support module: C:/Program Files/Unity/Hub/Editor/2022.3.4f1/Editor/Data/PlaybackEngines/WebGLSupport/UnityEditor.WebGL.Extensions.dll
Register platform support module: C:/Program Files/Unity/Hub/Editor/2022.3.4f1/Editor/Data/PlaybackEngines/WindowsStandaloneSupport/UnityEditor.WindowsStandalone.Extensions.dll
Registered in 0.034737 seconds.
- Loaded All Assemblies, in  1.669 seconds
Native extension for WindowsStandalone target not found
Native extension for WebGL target not found
Mono: successfully reloaded assembly
- Finished resetting the current domain, in  1.797 seconds
Domain Reload Profiling: 3466ms
	BeginReloadAssembly (477ms)
		ExecutionOrderSort (0ms)
		DisableScriptedObjects (0ms)
		BackupInstance (0ms)
		ReleaseScriptingObjects (0ms)
		CreateAndSetChildDomain (4ms)
	RebuildCommonClasses (255ms)
	RebuildNativeTypeToScriptingClass (62ms)
	initialDomainReloadingComplete (291ms)
	LoadAllAssembliesAndSetupDomain (581ms)
		LoadAssemblies (470ms)
		RebuildTransferFunctionScriptingTraits (0ms)
		AnalyzeDomain (566ms)
			TypeCache.Refresh (563ms)
				TypeCache.ScanAssembly (523ms)
			ScanForSourceGeneratedMonoScriptInfo (1ms)
			ResolveRequiredComponents (1ms)
	FinalizeReload (1799ms)
		ReleaseScriptCaches (0ms)
		RebuildScriptCaches (0ms)
		SetupLoadedEditorAssemblies (1492ms)
			LogAssemblyErrors (0ms)
			InitializePlatformSupportModulesInManaged (40ms)
			SetLoadedEditorAssemblies (24ms)
			RefreshPlugins (0ms)
			BeforeProcessingInitializeOnLoad (13ms)
			ProcessInitializeOnLoadAttributes (1071ms)
			ProcessInitializeOnLoadMethodAttributes (343ms)
			AfterProcessingInitializeOnLoad (0ms)
			EditorAssembliesLoaded (0ms)
		ExecutionOrderSort2 (0ms)
		AwakeInstancesAfterBackupRestoration (0ms)
========================================================================
Worker process is ready to serve import requests
Begin MonoManager ReloadAssembly
Symbol file LoadedFromMemory doesn't match image C:\Users\Administrator\Documents\Mi VideoJuego\The Hell\Library\PackageCache\com.unity.visualscripting@1.8.0\Editor\VisualScripting.Core\Dependencies\YamlDotNet\Unity.VisualScripting.YamlDotNet.dll
Symbol file LoadedFromMemory doesn't match image C:\Users\Administrator\Documents\Mi VideoJuego\The Hell\Library\PackageCache\com.unity.visualscripting@1.8.0\Editor\VisualScripting.Core\Dependencies\DotNetZip\Unity.VisualScripting.IonicZip.dll
- Loaded All Assemblies, in 109.492 seconds
Refreshing native plugins compatible for Editor in 70.56 ms, found 4 plugins.
Native extension for WindowsStandalone target not found
Native extension for WebGL target not found
Mono: successfully reloaded assembly
- Finished resetting the current domain, in 18.718 seconds
Domain Reload Profiling: 129221ms
	BeginReloadAssembly (48918ms)
		ExecutionOrderSort (14ms)
		DisableScriptedObjects (39ms)
		BackupInstance (0ms)
		ReleaseScriptingObjects (79ms)
		CreateAndSetChildDomain (9496ms)
	RebuildCommonClasses (17758ms)
	RebuildNativeTypeToScriptingClass (2331ms)
	initialDomainReloadingComplete (1810ms)
	LoadAllAssembliesAndSetupDomain (39633ms)
		LoadAssemblies (65785ms)
		RebuildTransferFunctionScriptingTraits (0ms)
		AnalyzeDomain (6622ms)
			TypeCache.Refresh (6298ms)
				TypeCache.ScanAssembly (3724ms)
			ScanForSourceGeneratedMonoScriptInfo (260ms)
			ResolveRequiredComponents (64ms)
	FinalizeReload (18770ms)
		ReleaseScriptCaches (0ms)
		RebuildScriptCaches (0ms)
		SetupLoadedEditorAssemblies (9013ms)
			LogAssemblyErrors (0ms)
			InitializePlatformSupportModulesInManaged (86ms)
			SetLoadedEditorAssemblies (94ms)
			RefreshPlugins (0ms)
			BeforeProcessingInitializeOnLoad (716ms)
			ProcessInitializeOnLoadAttributes (6565ms)
			ProcessInitializeOnLoadMethodAttributes (1491ms)
			AfterProcessingInitializeOnLoad (33ms)
			EditorAssembliesLoaded (28ms)
		ExecutionOrderSort2 (0ms)
		AwakeInstancesAfterBackupRestoration (122ms)
Failed to get ipc connection from UnityShaderCompiler.exe shader compiler! C:/Program Files/Unity/Hub/Editor/2022.3.4f1/Editor/Data/Tools/UnityShaderCompiler.exe
Failed to get ipc connection from UnityShaderCompiler.exe shader compiler! C:/Program Files/Unity/Hub/Editor/2022.3.4f1/Editor/Data/Tools/UnityShaderCompiler.exe
Failed to get ipc connection from UnityShaderCompiler.exe shader compiler! C:/Program Files/Unity/Hub/Editor/2022.3.4f1/Editor/Data/Tools/UnityShaderCompiler.exe
Failed to get ipc connection from UnityShaderCompiler.exe shader compiler! C:/Program Files/Unity/Hub/Editor/2022.3.4f1/Editor/Data/Tools/UnityShaderCompiler.exe
Launched and connected shader compiler UnityShaderCompiler.exe after 5.19 seconds
Refreshing native plugins compatible for Editor in 214.39 ms, found 4 plugins.
Preloading 0 native plugins for Editor in 0.00 ms.
Unloading 5890 Unused Serialized files (Serialized files now loaded: 0)
Unloading 97 unused Assets / (422.9 KB). Loaded Objects now: 6357.
Memory consumption went from 224.9 MB to 224.5 MB.
Total: 1860.421500 ms (FindLiveObjects: 263.869400 ms CreateObjectMapping: 17.143300 ms MarkObjects: 633.331300 ms  DeleteObjects: 946.062600 ms)

AssetImportParameters requested are different than current active one (requested -> active):
  custom:container-demuxer-ogg: 62fdf1f143b41e24485cea50d1cbac27 -> 
  custom:video-decoder-ogg-theora: a1e56fd34408186e4bbccfd4996cb3dc -> 
  custom:framework-win-MediaFoundation: 216162199b28c13a410421893ffa2e32 -> 
  custom:CustomObjectIndexerAttribute: a3ef5dd2817f97addfee359851a9dba5 -> 
  custom:container-demuxer-webm: 4f35f7cbe854078d1ac9338744f61a02 -> 
  custom:container-muxer-webm: aa71ff27fc2769a1b78a27578f13a17b -> 
  custom:video-decoder-webm-vp8: 9c59270c3fd7afecdb556c50c9e8de78 -> 
  custom:AudioImporter_EditorPlatform: d09bf68614088b80899f8185d706f6e7 -> 
  custom:video-encoder-webm-vp8: eb34c28f22e8b96e1ab97ce403110664 -> 
  custom:audio-decoder-ogg-vorbis: bf7c407c2cedff20999df2af8eb42d56 -> 
  custom:audio-encoder-webm-vorbis: bf7c407c2cedff20999df2af8eb42d56 -> 
========================================================================
Received Prepare
Begin MonoManager ReloadAssembly
Symbol file LoadedFromMemory doesn't match image C:\Users\Administrator\Documents\Mi VideoJuego\The Hell\Library\PackageCache\com.unity.visualscripting@1.8.0\Editor\VisualScripting.Core\Dependencies\YamlDotNet\Unity.VisualScripting.YamlDotNet.dll
Symbol file LoadedFromMemory doesn't match image C:\Users\Administrator\Documents\Mi VideoJuego\The Hell\Library\PackageCache\com.unity.visualscripting@1.8.0\Editor\VisualScripting.Core\Dependencies\DotNetZip\Unity.VisualScripting.IonicZip.dll
- Loaded All Assemblies, in 465.206 seconds
Refreshing native plugins compatible for Editor in 2880.35 ms, found 4 plugins.
Native extension for WindowsStandalone target not found
Native extension for WebGL target not found
Mono: successfully reloaded assembly
- Finished resetting the current domain, in 3141.812 seconds
Domain Reload Profiling: 3610710ms
	BeginReloadAssembly (132906ms)
		ExecutionOrderSort (0ms)
		DisableScriptedObjects (4772ms)
		BackupInstance (0ms)
		ReleaseScriptingObjects (168ms)
		CreateAndSetChildDomain (89993ms)
	RebuildCommonClasses (8904ms)
	RebuildNativeTypeToScriptingClass (9241ms)
	initialDomainReloadingComplete (9848ms)
	LoadAllAssembliesAndSetupDomain (307581ms)
		LoadAssemblies (279952ms)
		RebuildTransferFunctionScriptingTraits (0ms)
		AnalyzeDomain (48057ms)
			TypeCache.Refresh (43109ms)
				TypeCache.ScanAssembly (33507ms)
			ScanForSourceGeneratedMonoScriptInfo (74ms)
			ResolveRequiredComponents (4865ms)
	FinalizeReload (3142230ms)
		ReleaseScriptCaches (0ms)
		RebuildScriptCaches (0ms)
		SetupLoadedEditorAssemblies (335532ms)
			LogAssemblyErrors (409ms)
			InitializePlatformSupportModulesInManaged (17147ms)
			SetLoadedEditorAssemblies (16266ms)
			RefreshPlugins (0ms)
			BeforeProcessingInitializeOnLoad (43927ms)
			ProcessInitializeOnLoadAttributes (235563ms)
			ProcessInitializeOnLoadMethodAttributes (20771ms)
			AfterProcessingInitializeOnLoad (170ms)
			EditorAssembliesLoaded (1148ms)
		ExecutionOrderSort2 (21ms)
		AwakeInstancesAfterBackupRestoration (2337ms)
